Started GET "/" for ::1 at 2016-10-02 15:55:14 +0200
Processing by Rails::WelcomeController#index as HTML
  Parameters: {"internal"=>true}
  Rendering /Users/anthoinedusselier/.rvm/gems/ruby-2.3.0/gems/railties-5.0.0.1/lib/rails/templates/rails/welcome/index.html.erb
  Rendered /Users/anthoinedusselier/.rvm/gems/ruby-2.3.0/gems/railties-5.0.0.1/lib/rails/templates/rails/welcome/index.html.erb (4.7ms)
Completed 200 OK in 23ms (Views: 10.5ms | ActiveRecord: 0.0ms)


Started GET "/" for ::1 at 2016-10-02 15:55:26 +0200
Processing by Rails::WelcomeController#index as HTML
  Parameters: {"internal"=>true}
  Rendering /Users/anthoinedusselier/.rvm/gems/ruby-2.3.0/gems/railties-5.0.0.1/lib/rails/templates/rails/welcome/index.html.erb
  Rendered /Users/anthoinedusselier/.rvm/gems/ruby-2.3.0/gems/railties-5.0.0.1/lib/rails/templates/rails/welcome/index.html.erb (3.2ms)
Completed 200 OK in 8ms (Views: 5.6ms | ActiveRecord: 0.0ms)


Started GET "/" for ::1 at 2016-10-02 15:57:58 +0200
Processing by Rails::WelcomeController#index as HTML
  Parameters: {"internal"=>true}
  Rendering /Users/anthoinedusselier/.rvm/gems/ruby-2.3.0/gems/railties-5.0.0.1/lib/rails/templates/rails/welcome/index.html.erb
  Rendered /Users/anthoinedusselier/.rvm/gems/ruby-2.3.0/gems/railties-5.0.0.1/lib/rails/templates/rails/welcome/index.html.erb (4.1ms)
Completed 200 OK in 18ms (Views: 8.7ms | ActiveRecord: 0.0ms)


Started GET "/" for ::1 at 2016-10-02 16:01:08 +0200
Processing by HomeController#index as HTML
  Rendering home/index.html.erb within layouts/application
  Rendered home/index.html.erb within layouts/application (1.3ms)
Completed 200 OK in 736ms (Views: 726.4ms | ActiveRecord: 0.0ms)


Started GET "/" for ::1 at 2016-10-02 16:03:44 +0200
Processing by HomeController#index as HTML
  Rendering home/index.html.erb within layouts/application
  Rendered home/index.html.erb within layouts/application (1.2ms)
Completed 200 OK in 234ms (Views: 223.4ms | ActiveRecord: 0.0ms)


